\BOOKMARK [1][-]{section*.1}{Contents}{}% 1
\BOOKMARK [1][-]{section.1}{Package morbid}{}% 2
\BOOKMARK [2][-]{subsection.1.1}{Modules}{section.1}% 3
\BOOKMARK [1][-]{section.2}{Module morbid.admin}{}% 4
\BOOKMARK [2][-]{subsection.2.1}{Class FeatureAnalyticTicketAdmin}{section.2}% 5
\BOOKMARK [3][-]{subsubsection.2.1.1}{Class Variables}{subsection.2.1}% 6
\BOOKMARK [2][-]{subsection.2.2}{Class TargetPriceAdmin}{section.2}% 7
\BOOKMARK [3][-]{subsubsection.2.2.1}{Class Variables}{subsection.2.2}% 8
\BOOKMARK [2][-]{subsection.2.3}{Class TicketAdmin}{section.2}% 9
\BOOKMARK [3][-]{subsubsection.2.3.1}{Class Variables}{subsection.2.3}% 10
\BOOKMARK [2][-]{subsection.2.4}{Class FeatureAdmin}{section.2}% 11
\BOOKMARK [3][-]{subsubsection.2.4.1}{Class Variables}{subsection.2.4}% 12
\BOOKMARK [1][-]{section.3}{Module morbid.models}{}% 13
\BOOKMARK [2][-]{subsection.3.1}{Class Unit}{section.3}% 14
\BOOKMARK [3][-]{subsubsection.3.1.1}{Methods}{subsection.3.1}% 15
\BOOKMARK [3][-]{subsubsection.3.1.2}{Class Variables}{subsection.3.1}% 16
\BOOKMARK [2][-]{subsection.3.2}{Class Feature}{section.3}% 17
\BOOKMARK [3][-]{subsubsection.3.2.1}{Methods}{subsection.3.2}% 18
\BOOKMARK [3][-]{subsubsection.3.2.2}{Class Variables}{subsection.3.2}% 19
\BOOKMARK [2][-]{subsection.3.3}{Class Analytic}{section.3}% 20
\BOOKMARK [3][-]{subsubsection.3.3.1}{Methods}{subsection.3.3}% 21
\BOOKMARK [3][-]{subsubsection.3.3.2}{Class Variables}{subsection.3.3}% 22
\BOOKMARK [2][-]{subsection.3.4}{Class Ticket}{section.3}% 23
\BOOKMARK [3][-]{subsubsection.3.4.1}{Methods}{subsection.3.4}% 24
\BOOKMARK [3][-]{subsubsection.3.4.2}{Class Variables}{subsection.3.4}% 25
\BOOKMARK [2][-]{subsection.3.5}{Class FeatureAnalyticTicket}{section.3}% 26
\BOOKMARK [3][-]{subsubsection.3.5.1}{Methods}{subsection.3.5}% 27
\BOOKMARK [3][-]{subsubsection.3.5.2}{Class Variables}{subsection.3.5}% 28
\BOOKMARK [2][-]{subsection.3.6}{Class TargetPrice}{section.3}% 29
\BOOKMARK [3][-]{subsubsection.3.6.1}{Class Variables}{subsection.3.6}% 30
\BOOKMARK [1][-]{section.4}{Module morbid.tests}{}% 31
\BOOKMARK [2][-]{subsection.4.1}{Class SimpleTest}{section.4}% 32
\BOOKMARK [3][-]{subsubsection.4.1.1}{Methods}{subsection.4.1}% 33
\BOOKMARK [1][-]{section.5}{Module morbid.urls}{}% 34
\BOOKMARK [2][-]{subsection.5.1}{Variables}{section.5}% 35
\BOOKMARK [1][-]{section.6}{Module morbid.views}{}% 36
\BOOKMARK [2][-]{subsection.6.1}{Functions}{section.6}% 37
\BOOKMARK [1][-]{section*.2}{Index}{}% 38
